<?xml version="1.0" encoding="UTF-8" ?>
<testsuite tests="1" failures="0" name="com.ljy.controller.UserControllerTest" time="1.564" errors="0" skipped="0">
  <properties>
    <property name="java.runtime.name" value="OpenJDK Runtime Environment"/>
    <property name="java.vm.version" value="11.0.6+8-b520.66"/>
    <property name="sun.boot.library.path" value="D:\ideaIU\IntelliJ IDEA 2019.3.5\jbr\bin"/>
    <property name="maven.multiModuleProjectDirectory" value="D:\Study\D3_later\jjykcxh\jjykcxh"/>
    <property name="java.vm.vendor" value="JetBrains s.r.o"/>
    <property name="java.vendor.url" value="https://www.jetbrains.com/"/>
    <property name="guice.disable.misplaced.annotation.check" value="true"/>
    <property name="path.separator" value=";"/>
    <property name="java.vm.name" value="OpenJDK 64-Bit Server VM"/>
    <property name="sun.os.patch.level" value=""/>
    <property name="user.script" value=""/>
    <property name="user.country" value="CN"/>
    <property name="sun.java.launcher" value="SUN_STANDARD"/>
    <property name="java.vm.specification.name" value="Java Virtual Machine Specification"/>
    <property name="user.dir" value="D:\Study\D3_later\jjykcxh\jjykcxh"/>
    <property name="java.vm.compressedOopsMode" value="32-bit"/>
    <property name="java.runtime.version" value="11.0.6+8-b520.66"/>
    <property name="java.awt.graphicsenv" value="sun.awt.Win32GraphicsEnvironment"/>
    <property name="os.arch" value="amd64"/>
    <property name="java.io.tmpdir" value="C:\Users\刘越\AppData\Local\Temp\"/>
    <property name="line.separator" value="
"/>
    <property name="java.vm.specification.vendor" value="Oracle Corporation"/>
    <property name="user.variant" value=""/>
    <property name="os.name" value="Windows 10"/>
    <property name="maven.ext.class.path" value="D:\ideaIU\IntelliJ IDEA 2019.3.5\plugins\maven\lib\maven-event-listener.jar"/>
    <property name="classworlds.conf" value="D:\Maven\apache-maven-3.6.3\bin\m2.conf"/>
    <property name="sun.jnu.encoding" value="GBK"/>
    <property name="java.library.path" value="D:\ideaIU\IntelliJ IDEA 2019.3.5\jbr\bin;C:\WINDOWS\Sun\Java\bin;C:\WINDOWS\system32;C:\WINDOWS;D:\jdk\bin;D:\jdk\jre\bin;C:\Windows\System32;F:\Git\cmd;F:\Tomcat\apache-tomcat-9.0.26\bin;C:\Program Files\dotnet\;C:\Program Files\Microsoft SQL Server\130\Tools\Binn\;D:\Matlab\matlab\runtime\win64;D:\Matlab\matlab\bin;D:\Matlab\matlab\polyspace\bin;D:\pict\;C:\WINDOWS\system32;C:\WINDOWS;C:\WINDOWS\System32\Wbem;C:\WINDOWS\System32\WindowsPowerShell\v1.0\;C:\WINDOWS\System32\OpenSSH\;D:\Xftp\;D:\Xshell\;D:\Android\SDK\platform-tools;D:\Python;D:\Python\Python37\Scripts\;D:\Python\Python37\;D:\Microsoft VS Code\graphviz\bin;D:\Microsoft VS Code\bin;D:\ideaIU\IntelliJ IDEA 2019.3.5\bin;C:\Users\刘越\AppData\Local\Microsoft\WindowsApps;C:\Users\刘越\AppData\Local\GitHubDesktop\bin;D:\JetBrains\PyCharm Community Edition 2021.1.1\bin;;."/>
    <property name="maven.conf" value="D:\Maven\apache-maven-3.6.3/conf"/>
    <property name="jdk.debug" value="release"/>
    <property name="java.class.version" value="55.0"/>
    <property name="java.specification.name" value="Java Platform API Specification"/>
    <property name="sun.management.compiler" value="HotSpot 64-Bit Tiered Compilers"/>
    <property name="maven.repo.local" value="D:\Maven\apache-maven-3.6.3\respository"/>
    <property name="idea.version2019.3.5" value="true"/>
    <property name="os.version" value="10.0"/>
    <property name="user.home" value="C:\Users\刘越"/>
    <property name="user.timezone" value="Asia/Shanghai"/>
    <property name="java.awt.printerjob" value="sun.awt.windows.WPrinterJob"/>
    <property name="file.encoding" value="UTF-8"/>
    <property name="java.specification.version" value="11"/>
    <property name="user.name" value="刘越"/>
    <property name="java.class.path" value="D:\Maven\apache-maven-3.6.3\boot\plexus-classworlds-2.6.0.jar;D:\Maven\apache-maven-3.6.3\boot\plexus-classworlds.license"/>
    <property name="java.vm.specification.version" value="11"/>
    <property name="sun.arch.data.model" value="64"/>
    <property name="sun.java.command" value="org.codehaus.classworlds.Launcher -Didea.version2019.3.5 -s D:\Maven\apache-maven-3.6.3\conf\settings.xml -Dmaven.repo.local=D:\Maven\apache-maven-3.6.3\respository install"/>
    <property name="java.home" value="D:\ideaIU\IntelliJ IDEA 2019.3.5\jbr"/>
    <property name="user.language" value="zh"/>
    <property name="java.specification.vendor" value="Oracle Corporation"/>
    <property name="awt.toolkit" value="sun.awt.windows.WToolkit"/>
    <property name="java.vm.info" value="mixed mode, sharing"/>
    <property name="java.version" value="11.0.6"/>
    <property name="java.vendor" value="JetBrains s.r.o"/>
    <property name="maven.home" value="D:\Maven\apache-maven-3.6.3"/>
    <property name="file.separator" value="\"/>
    <property name="java.version.date" value="2020-01-14"/>
    <property name="java.vendor.url.bug" value="https://youtrack.jetbrains.com"/>
    <property name="sun.io.unicode.encoding" value="UnicodeLittle"/>
    <property name="sun.cpu.endian" value="little"/>
    <property name="sun.desktop" value="windows"/>
    <property name="sun.cpu.isalist" value="amd64"/>
  </properties>
  <testcase classname="com.ljy.controller.UserControllerTest" name="signup" time="1.564"/>
</testsuite>